<?xml version="1.0" encoding="UTF-8"?>
<!-- Generated by org.testng.reporters.JUnitXMLReporter -->
<testsuite hostname="shiva007" ignored="0" name="Command line test" tests="1" failures="0" timestamp="08 Aug 2023 05:34:11 GMT" time="6.301" errors="0">
  <testcase name="@BeforeTest setUP" time="6.253" classname="DriverFactory.AppTest">
    <failure type="org.openqa.selenium.SessionNotCreatedException" message="session not created: This version of ChromeDriver only supports Chrome version 96
Current browser version is 115.0.5790.171 with binary path C:\Program Files\Google\Chrome\Application\chrome.exe
Build info: version: &amp;apos;3.14.0&amp;apos;, revision: &amp;apos;aacccce0&amp;apos;, time: &amp;apos;2018-08-02T20:19:58.91Z&amp;apos;
System info: host: &amp;apos;SHIVA007&amp;apos;, ip: &amp;apos;192.168.29.99&amp;apos;, os.name: &amp;apos;Windows 10&amp;apos;, os.arch: &amp;apos;amd64&amp;apos;, os.version: &amp;apos;10.0&amp;apos;, java.version: &amp;apos;1.8.0_121&amp;apos;
Driver info: driver.version: ChromeDriver
remote stacktrace: Backtrace:
	Ordinal0 [0x00C46903+2517251]
	Ordinal0 [0x00BDF8E1+2095329]
	Ordinal0 [0x00AE2848+1058888]
	Ordinal0 [0x00B00B9D+1182621]
	Ordinal0 [0x00AFCA60+1165920]
	Ordinal0 [0x00AFA2CF+1155791]
	Ordinal0 [0x00B2AAAF+1354415]
	Ordinal0 [0x00B2A71A+1353498]
	Ordinal0 [0x00B2639B+1336219]
	Ordinal0 [0x00B027A7+1189799]
	Ordinal0 [0x00B03609+1193481]
	GetHandleVerifier [0x00DD5904+1577972]
	GetHandleVerifier [0x00E80B97+2279047]
	GetHandleVerifier [0x00CD6D09+534521]
	GetHandleVerifier [0x00CD5DB9+530601]
	Ordinal0 [0x00BE4FF9+2117625]
	Ordinal0 [0x00BE98A8+2136232]
	Ordinal0 [0x00BE99E2+2136546]
	Ordinal0 [0x00BF3541+2176321]
	BaseThreadInitThunk [0x751000C9+25]
	RtlGetAppContainerNamedObjectPath [0x77207B1E+286]
	RtlGetAppContainerNamedObjectPath [0x77207AEE+238]
">
      <![CDATA[org.openqa.selenium.SessionNotCreatedException: session not created: This version of ChromeDriver only supports Chrome version 96
Current browser version is 115.0.5790.171 with binary path C:\Program Files\Google\Chrome\Application\chrome.exe
Build info: version: '3.14.0', revision: 'aacccce0', time: '2018-08-02T20:19:58.91Z'
System info: host: 'SHIVA007', ip: '192.168.29.99', os.name: 'Windows 10', os.arch: 'amd64', os.version: '10.0', java.version: '1.8.0_121'
Driver info: driver.version: ChromeDriver
remote stacktrace: Backtrace:
Ordinal0 [0x00C46903+2517251]
Ordinal0 [0x00BDF8E1+2095329]
Ordinal0 [0x00AE2848+1058888]
Ordinal0 [0x00B00B9D+1182621]
Ordinal0 [0x00AFCA60+1165920]
Ordinal0 [0x00AFA2CF+1155791]
Ordinal0 [0x00B2AAAF+1354415]
Ordinal0 [0x00B2A71A+1353498]
Ordinal0 [0x00B2639B+1336219]
Ordinal0 [0x00B027A7+1189799]
Ordinal0 [0x00B03609+1193481]
GetHandleVerifier [0x00DD5904+1577972]
GetHandleVerifier [0x00E80B97+2279047]
GetHandleVerifier [0x00CD6D09+534521]
GetHandleVerifier [0x00CD5DB9+530601]
Ordinal0 [0x00BE4FF9+2117625]
Ordinal0 [0x00BE98A8+2136232]
Ordinal0 [0x00BE99E2+2136546]
Ordinal0 [0x00BF3541+2176321]
BaseThreadInitThunk [0x751000C9+25]
RtlGetAppContainerNamedObjectPath [0x77207B1E+286]
RtlGetAppContainerNamedObjectPath [0x77207AEE+238]

at org.openqa.selenium.remote.W3CHandshakeResponse.lambda$new$0(W3CHandshakeResponse.java:57)
at org.openqa.selenium.remote.W3CHandshakeResponse.lambda$getResponseFunction$2(W3CHandshakeResponse.java:104)
at org.openqa.selenium.remote.ProtocolHandshake.lambda$createSession$0(ProtocolHandshake.java:122)
at java.util.stream.ReferencePipeline$3$1.accept(ReferencePipeline.java:193)
at java.util.Spliterators$ArraySpliterator.tryAdvance(Spliterators.java:958)
at java.util.stream.ReferencePipeline.forEachWithCancel(ReferencePipeline.java:126)
at java.util.stream.AbstractPipeline.copyIntoWithCancel(AbstractPipeline.java:498)
at java.util.stream.AbstractPipeline.copyInto(AbstractPipeline.java:485)
at java.util.stream.AbstractPipeline.wrapAndCopyInto(AbstractPipeline.java:471)
at java.util.stream.FindOps$FindOp.evaluateSequential(FindOps.java:152)
at java.util.stream.AbstractPipeline.evaluate(AbstractPipeline.java:234)
at java.util.stream.ReferencePipeline.findFirst(ReferencePipeline.java:464)
at org.openqa.selenium.remote.ProtocolHandshake.createSession(ProtocolHandshake.java:125)
at org.openqa.selenium.remote.ProtocolHandshake.createSession(ProtocolHandshake.java:73)
at org.openqa.selenium.remote.HttpCommandExecutor.execute(HttpCommandExecutor.java:136)
at org.openqa.selenium.remote.service.DriverCommandExecutor.execute(DriverCommandExecutor.java:83)
at org.openqa.selenium.remote.RemoteWebDriver.execute(RemoteWebDriver.java:548)
at org.openqa.selenium.remote.RemoteWebDriver.startSession(RemoteWebDriver.java:212)
at org.openqa.selenium.remote.RemoteWebDriver.<init>(RemoteWebDriver.java:130)
at org.openqa.selenium.chrome.ChromeDriver.<init>(ChromeDriver.java:181)
at org.openqa.selenium.chrome.ChromeDriver.<init>(ChromeDriver.java:168)
at org.openqa.selenium.chrome.ChromeDriver.<init>(ChromeDriver.java:123)
at DriverFactory.AppTest.setUP(AppTest.java:30)
... Removed 38 stack frames]]>
    </failure>
  </testcase> <!-- @BeforeTest setUP -->
  <testcase name="@AfterTest tearDown" time="0.0" classname="DriverFactory.AppTest">
    <skipped/>
  </testcase> <!-- @AfterTest tearDown -->
  <testcase name="verifyLogin" time="0.0" classname="DriverFactory.AppTest">
    <skipped/>
  </testcase> <!-- verifyLogin -->
</testsuite> <!-- Command line test -->
